\BOOKMARK [1][-]{section.1}{\376\377\000A\000s\000s\000i\000g\000n\000m\000e\000n\000t\000\040\000g\000e\000n\000e\000r\000a\000l\000\040\000d\000e\000s\000c\000r\000i\000p\000t\000i\000o\000n}{}% 1
\BOOKMARK [1][-]{section.2}{\376\377\000G\000o\000a\000l\000\040\000o\000f\000\040\000t\000h\000i\000s\000\040\000p\000a\000p\000e\000r}{}% 2
\BOOKMARK [1][-]{section.3}{\376\377\000A\000d\000o\000p\000t\000e\000d\000\040\000t\000o\000o\000l\000s}{}% 3
\BOOKMARK [1][-]{section.4}{\376\377\000T\000r\000a\000i\000n\000i\000n\000g\000\040\000a\000\040\000b\000a\000s\000e\000l\000i\000n\000e\000\040\000n\000e\000t\000w\000o\000r\000k}{}% 4
\BOOKMARK [2][-]{subsection.4.1}{\376\377\000I\000m\000p\000o\000r\000t\000i\000n\000g\000\040\000t\000h\000e\000\040\000d\000a\000t\000a\000s\000e\000t}{section.4}% 5
\BOOKMARK [2][-]{subsection.4.2}{\376\377\000R\000e\000q\000u\000i\000r\000e\000m\000e\000n\000t\000s}{section.4}% 6
\BOOKMARK [2][-]{subsection.4.3}{\376\377\000S\000p\000l\000i\000t\000t\000i\000n\000g\000\040\000t\000h\000e\000\040\000d\000a\000t\000a\000s\000e\000t}{section.4}% 7
\BOOKMARK [2][-]{subsection.4.4}{\376\377\000R\000e\000s\000i\000z\000i\000n\000g\000\040\000i\000m\000a\000g\000e\000s}{section.4}% 8
\BOOKMARK [2][-]{subsection.4.5}{\376\377\000L\000a\000y\000e\000r\000s\000\040\000d\000e\000f\000i\000n\000i\000t\000i\000o\000n}{section.4}% 9
\BOOKMARK [2][-]{subsection.4.6}{\376\377\000N\000e\000t\000w\000o\000r\000k\000\040\000t\000r\000a\000i\000n\000i\000n\000g\000\040\000o\000p\000t\000i\000o\000n\000s}{section.4}% 10
\BOOKMARK [2][-]{subsection.4.7}{\376\377\000T\000r\000a\000i\000n\000i\000n\000g\000\040\000t\000h\000e\000\040\000n\000e\000t\000w\000o\000r\000k\000\040\000a\000n\000d\000\040\000o\000b\000t\000a\000i\000n\000i\000n\000g\000\040\000t\000h\000e\000\040\000a\000c\000c\000u\000r\000a\000c\000y}{section.4}% 11
\BOOKMARK [2][-]{subsection.4.8}{\376\377\000C\000h\000o\000i\000c\000e\000\040\000o\000f\000\040\000M\000a\000x\000E\000p\000o\000c\000h\000\040\000a\000n\000d\000\040\000s\000t\000o\000p\000p\000i\000n\000g\000\040\000c\000r\000i\000t\000e\000r\000i\000o\000n}{section.4}% 12
\BOOKMARK [2][-]{subsection.4.9}{\376\377\000F\000i\000n\000e\000-\000t\000u\000n\000i\000n\000g\000\040\000i\000n\000i\000t\000i\000a\000l\000\040\000l\000e\000a\000r\000n\000i\000n\000g\000\040\000r\000a\000t\000e}{section.4}% 13
\BOOKMARK [2][-]{subsection.4.10}{\376\377\000B\000a\000s\000e\000l\000i\000n\000e\000\040\000c\000o\000n\000f\000u\000s\000i\000o\000n\000\040\000m\000a\000t\000r\000i\000x}{section.4}% 14
\BOOKMARK [1][-]{section.5}{\376\377\000I\000m\000p\000r\000o\000v\000i\000n\000g\000\040\000t\000h\000e\000\040\000n\000e\000t\000w\000o\000r\000k}{}% 15
\BOOKMARK [2][-]{subsection.5.1}{\376\377\000D\000a\000t\000a\000\040\000a\000u\000g\000m\000e\000n\000t\000a\000t\000i\000o\000n}{section.5}% 16
\BOOKMARK [2][-]{subsection.5.2}{\376\377\000B\000a\000t\000c\000h\000\040\000n\000o\000r\000m\000a\000l\000i\000z\000a\000t\000i\000o\000n}{section.5}% 17
\BOOKMARK [2][-]{subsection.5.3}{\376\377\000I\000m\000p\000r\000o\000v\000i\000n\000g\000\040\000c\000o\000n\000v\000o\000l\000u\000t\000i\000o\000n\000\040\000l\000a\000y\000e\000r\000s}{section.5}% 18
\BOOKMARK [2][-]{subsection.5.4}{\376\377\000M\000o\000d\000i\000f\000y\000i\000n\000g\000\040\000p\000a\000r\000a\000m\000e\000t\000e\000r\000s}{section.5}% 19
\BOOKMARK [2][-]{subsection.5.5}{\376\377\000A\000d\000d\000i\000n\000g\000\040\000f\000u\000l\000l\000y\000-\000c\000o\000n\000n\000e\000c\000t\000e\000d\000\040\000a\000n\000d\000\040\000d\000r\000o\000p\000o\000u\000t\000\040\000l\000a\000y\000e\000r\000s}{section.5}% 20
\BOOKMARK [3][-]{subsubsection.5.5.1}{\376\377\000M\000i\000n\000i\000b\000a\000t\000c\000h\000\040\000s\000i\000z\000e}{subsection.5.5}% 21
\BOOKMARK [3][-]{subsubsection.5.5.2}{\376\377\000I\000n\000i\000t\000i\000a\000l\000\040\000l\000e\000a\000r\000n\000i\000n\000g\000\040\000r\000a\000t\000e}{subsection.5.5}% 22
\BOOKMARK [3][-]{subsubsection.5.5.3}{\376\377\000O\000p\000t\000i\000m\000i\000z\000a\000t\000i\000o\000n\000\040\000a\000l\000g\000o\000r\000i\000t\000h\000m}{subsection.5.5}% 23
\BOOKMARK [3][-]{subsubsection.5.5.4}{\376\377\000M\000a\000x\000E\000p\000o\000c\000h}{subsection.5.5}% 24
\BOOKMARK [2][-]{subsection.5.6}{\376\377\000A\000d\000d\000i\000n\000g\000\040\000c\000o\000n\000v\000o\000l\000u\000t\000i\000o\000n\000a\000l\000\040\000l\000a\000y\000e\000r}{section.5}% 25
\BOOKMARK [1][-]{section.6}{\376\377\000A\000d\000o\000p\000t\000i\000n\000g\000\040\000t\000r\000a\000n\000s\000f\000e\000r\000\040\000l\000e\000a\000r\000n\000i\000n\000g\000\040\000w\000i\000t\000h\000\040\000A\000l\000e\000x\000N\000e\000t}{}% 26
